[19:51:05] [main/INFO]: Loading Minecraft 1.21.11 with Fabric Loader 0.18.4
[19:51:05] [main/INFO]: Loading 64 mods:
	- cloth-config 21.11.153
	   \-- cloth-basic-math 0.6.1
	- entityculling 1.9.5
	   |-- transition 1.0.11
	   \-- trender 1.0.10
	- fabric-api 0.141.2+1.21.11
	   |-- fabric-api-base 1.0.5+4ebb5c083e
	   |-- fabric-api-lookup-api-v1 1.6.113+1fb1cde93e
	   |-- fabric-biome-api-v1 17.1.1+4fc5413f3e
	   |-- fabric-block-api-v1 1.1.10+4ebb5c083e
	   |-- fabric-block-view-api-v2 1.0.39+4ebb5c083e
	   |-- fabric-command-api-v2 2.4.7+6b42a6003e
	   |-- fabric-content-registries-v0 10.2.14+4fc5413f3e
	   |-- fabric-convention-tags-v1 2.1.55+7f945d5b3e
	   |-- fabric-convention-tags-v2 2.17.3+8ef948ba3e
	   |-- fabric-crash-report-info-v1 0.3.23+4ebb5c083e
	   |-- fabric-data-attachment-api-v1 1.8.47+eed0806f3e
	   |-- fabric-data-generation-api-v1 23.4.0+69974c4e3e
	   |-- fabric-dimensions-v1 4.0.28+4fc5413f3e
	   |-- fabric-entity-events-v1 3.1.1+1d0ab4303e
	   |-- fabric-events-interaction-v0 4.1.0+3b89ecf63e
	   |-- fabric-game-rule-api-v1 2.0.3+4fc5413f3e
	   |-- fabric-item-api-v1 11.5.20+d0c46b9e3e
	   |-- fabric-item-group-api-v1 4.2.36+4fc5413f3e
	   |-- fabric-key-binding-api-v1 1.1.7+4fc5413f3e
	   |-- fabric-lifecycle-events-v1 2.6.15+4ebb5c083e
	   |-- fabric-loot-api-v2 3.0.73+3f89f5a53e
	   |-- fabric-loot-api-v3 2.0.20+78c8b4663e
	   |-- fabric-message-api-v1 6.1.12+4ebb5c083e
	   |-- fabric-model-loading-api-v1 6.0.14+4fc5413f3e
	   |-- fabric-networking-api-v1 5.1.5+ae1e07683e
	   |-- fabric-object-builder-api-v1 21.1.39+4fc5413f3e
	   |-- fabric-particles-v1 4.2.11+4fc5413f3e
	   |-- fabric-recipe-api-v1 8.2.3+4ebb5c083e
	   |-- fabric-registry-sync-v0 6.2.5+1718722b3e
	   |-- fabric-renderer-api-v1 8.0.2+f4ffd2e53e
	   |-- fabric-renderer-indigo 5.0.2+f4ffd2e53e
	   |-- fabric-rendering-fluids-v1 3.1.43+4ebb5c083e
	   |-- fabric-rendering-v1 16.2.9+7edacff13e
	   |-- fabric-resource-conditions-api-v1 5.0.35+4fc5413f3e
	   |-- fabric-resource-loader-v0 3.3.4+4fc5413f3e
	   |-- fabric-resource-loader-v1 1.0.10+78c8b4663e
	   |-- fabric-screen-api-v1 3.1.7+4ebb5c083e
	   |-- fabric-screen-handler-api-v1 1.3.161+4fc5413f3e
	   |-- fabric-serialization-api-v1 1.0.5+4ebb5c083e
	   |-- fabric-sound-api-v1 1.0.51+4fc5413f3e
	   |-- fabric-tag-api-v1 1.2.20+4fc5413f3e
	   |-- fabric-transfer-api-v1 6.0.24+4fc5413f3e
	   \-- fabric-transitive-access-wideners-v1 7.1.0+014c8cec3e
	- fabricloader 0.18.4
	   \-- mixinextras 0.5.0
	- ferritecore 8.2.0
	- immediatelyfast 1.14.2+1.21.11
	   \-- net_lenni0451_reflect 1.6.1+curseforge
	- iris 1.10.5+mc1.21.11
	   |-- io_github_douira_glsl-transformer 3.0.0-pre3
	   |-- org_anarres_jcpp 1.4.14
	   \-- org_antlr_antlr4-runtime 4.13.1
	- java 21
	- lithium 0.21.2+mc1.21.11
	- minecraft 1.21.11
	- modmenu 17.0.0-beta.2
	   \-- placeholder-api 2.8.1+1.21.10
	- sodium 0.8.4+mc1.21.11
[19:51:05] [main/INFO]: SpongePowered MIXIN Subsystem Version=0.8.7 Source=file:/C:/Users/Jerome/IdeaProjects/MCLauncher/profiles/dasdas/libraries/net/fabricmc/sponge-mixin/0.17.0+mixin.0.8.7/sponge-mixin-0.17.0+mixin.0.8.7.jar Service=Knot/Fabric Env=CLIENT
[19:51:05] [main/INFO]: Compatibility level set to JAVA_16
[19:51:05] [main/INFO]: Compatibility level set to JAVA_21
[19:51:05] [main/WARN]: Reference map 'iris.refmap.json' for mixins.iris.json could not be read. If this is a development environment you can ignore this message
[19:51:05] [main/WARN]: Reference map 'iris-fabric.refmap.json' for mixins.iris.fabric.json could not be read. If this is a development environment you can ignore this message
[19:51:05] [main/WARN]: Reference map 'iris.refmap.json' for mixins.iris.fantastic.json could not be read. If this is a development environment you can ignore this message
[19:51:05] [main/WARN]: Reference map 'iris.refmap.json' for mixins.iris.vertexformat.json could not be read. If this is a development environment you can ignore this message
[19:51:05] [main/WARN]: Reference map 'iris.refmap.json' for mixins.iris.bettermipmaps.json could not be read. If this is a development environment you can ignore this message
[19:51:05] [main/WARN]: Reference map 'iris.refmap.json' for mixins.iris.compat.sodium.json could not be read. If this is a development environment you can ignore this message
[19:51:05] [main/WARN]: Reference map 'iris.refmap.json' for mixins.iris.fixes.maxfpscrash.json could not be read. If this is a development environment you can ignore this message
[19:51:05] [main/INFO]: Loaded configuration file for Lithium: 164 options available, 0 override(s) found.
[19:51:05] [main/INFO]: Loaded configuration file for Sodium: 35 options available, 1 override(s) found
[19:51:06] [main/WARN]: Force-disabling mixin 'features.render.world.sky.LevelRendererMixin' as rule 'mixin.features.render.world.sky' (added by mods [iris]) disables it and children
[19:51:06] [main/INFO]: Searching for graphics cards...
[19:51:06] [main/INFO]: Found graphics adapter: AdapterInfo{vendor=NVIDIA, description='NVIDIA GeForce RTX 5070', adapterType=0x0000031B, openglIcdFilePath='C:\WINDOWS\System32\DriverStore\FileRepository\nv_dispi.inf_amd64_7840b4313191ae17\nvoglv64.dll', openglIcdVersion=32.0.15.9174}
[19:51:06] [main/WARN]: Sodium has applied one or more workarounds to prevent crashes or other issues on your system: [NVIDIA_THREADED_OPTIMIZATIONS_BROKEN]
[19:51:06] [main/WARN]: This is not necessarily an issue, but it may result in certain features or optimizations being disabled. You can sometimes fix these issues by upgrading your graphics driver.
[19:51:06] [main/INFO]: Initializing MixinExtras via com.llamalad7.mixinextras.service.MixinExtrasServiceImpl(version=0.5.0).
[19:51:08] [Datafixer Bootstrap/INFO]: 287 Datafixer optimizations took 615 milliseconds
[19:51:08] [main/INFO]: trender.mixins.json:client.ScreenAccessor from mod trender->@Invoker[METHOD_PROXY]::libgui$defaultHandleGameClickEvent(Lnet/minecraft/class_2558;Lnet/minecraft/class_310;Lnet/minecraft/class_437;)V should be static as its target is
[19:51:16] [Render thread/INFO]: Environment: Environment[sessionHost=https://sessionserver.mojang.com, servicesHost=https://api.minecraftservices.com, profilesHost=https://api.mojang.com, name=PROD]
[19:51:16] [Render thread/INFO]: Setting user: Player
[19:51:16] [Download-2/ERROR]: Failed to fetch user properties
com.mojang.authlib.exceptions.InvalidCredentialsException: Status: 401
	at knot//com.mojang.authlib.exceptions.MinecraftClientHttpException.toAuthenticationException(MinecraftClientHttpException.java:59)
	at knot//com.mojang.authlib.yggdrasil.YggdrasilUserApiService.fetchProperties(YggdrasilUserApiService.java:150)
	at knot//net.minecraft.class_310.method_55608(class_310.java:457)
	at java.base/java.util.concurrent.CompletableFuture$AsyncSupply.run(CompletableFuture.java:1768)
	at java.base/java.util.concurrent.ThreadPoolExecutor.runWorker(ThreadPoolExecutor.java:1144)
	at java.base/java.util.concurrent.ThreadPoolExecutor$Worker.run(ThreadPoolExecutor.java:642)
	at java.base/java.lang.Thread.run(Thread.java:1583)
Caused by: com.mojang.authlib.exceptions.MinecraftClientHttpException: Status: 401
	at knot//com.mojang.authlib.minecraft.client.MinecraftClient.readInputStream(MinecraftClient.java:103)
	at knot//com.mojang.authlib.minecraft.client.MinecraftClient.get(MinecraftClient.java:56)
	at knot//com.mojang.authlib.yggdrasil.YggdrasilUserApiService.fetchProperties(YggdrasilUserApiService.java:121)
	... 5 more
[19:51:16] [Render thread/INFO]: [Indigo] Different rendering plugin detected; not applying Indigo.
[19:51:16] [Render thread/INFO]: Checking mod updates...
[19:51:17] [Render thread/INFO]: [STDOUT]: [LibGui] Initializing Client...
[19:51:17] [ForkJoinPool.commonPool-worker-1/WARN]: [Iris Update Check] This version doesn't have an update index, skipping.
[19:51:17] [Render thread/INFO]: Backend library: LWJGL version 3.3.3-snapshot
[19:51:19] [Render thread/INFO]: Modifying process environment to apply workarounds for the NVIDIA graphics driver...
[19:51:19] [Render thread/INFO]: Initializing ImmediatelyFast 1.14.2+1.21.11 on NVIDIA GeForce RTX 5070/PCIe/SSE2 (NVIDIA Corporation) with OpenGL 3.3.0 NVIDIA 591.74
[19:51:19] [Render thread/INFO]: Found Iris 1.10.5+mc1.21.11. Enabling compatibility.
[19:51:19] [Render thread/INFO]: Debug functionality is disabled.
[19:51:19] [Render thread/INFO]: ARB_direct_state_access detected, enabling DSA.
[19:51:19] [Render thread/INFO]: Shaders are disabled because no valid shaderpack is selected
[19:51:19] [Render thread/INFO]: OpenGL Vendor: NVIDIA Corporation
[19:51:19] [Render thread/INFO]: OpenGL Renderer: NVIDIA GeForce RTX 5070/PCIe/SSE2
[19:51:19] [Render thread/INFO]: OpenGL Version: 3.3.0 NVIDIA 591.74
[19:51:19] [Render thread/INFO]: Modifying OpenGL context to apply workarounds for the NVIDIA graphics driver...
[19:51:19] [Render thread/INFO]: Enabling GL_DEBUG_OUTPUT_SYNCHRONOUS to force the NVIDIA driver to disable threaded command submission
[19:51:19] [Render thread/INFO]: Using optional rendering extensions: GL_ARB_buffer_storage, GL_KHR_debug, GL_ARB_vertex_attrib_binding, GL_ARB_direct_state_access, GL_EXT_texture_filter_anisotropic
[19:51:20] [Render thread/INFO]: Hardware information:
[19:51:20] [Render thread/INFO]: CPU: 32x Intel(R) Core(TM) i9-14900K
[19:51:20] [Render thread/INFO]: GPU: NVIDIA GeForce RTX 5070/PCIe/SSE2 (Supports OpenGL 3.3.0 NVIDIA 591.74)
[19:51:20] [Render thread/INFO]: OS: Windows 11 (10.0)
[19:51:20] [Render thread/INFO]: Reloading ResourceManager: vanilla, cloth-config, entityculling, fabric-api, fabric-api-base, fabric-api-lookup-api-v1, fabric-biome-api-v1, fabric-block-api-v1, fabric-block-view-api-v2, fabric-command-api-v2, fabric-content-registries-v0, fabric-convention-tags-v1, fabric-convention-tags-v2, fabric-crash-report-info-v1, fabric-data-attachment-api-v1, fabric-data-generation-api-v1, fabric-dimensions-v1, fabric-entity-events-v1, fabric-events-interaction-v0, fabric-game-rule-api-v1, fabric-item-api-v1, fabric-item-group-api-v1, fabric-key-binding-api-v1, fabric-lifecycle-events-v1, fabric-loot-api-v2, fabric-loot-api-v3, fabric-message-api-v1, fabric-model-loading-api-v1, fabric-networking-api-v1, fabric-object-builder-api-v1, fabric-particles-v1, fabric-recipe-api-v1, fabric-registry-sync-v0, fabric-renderer-api-v1, fabric-renderer-indigo, fabric-rendering-fluids-v1, fabric-rendering-v1, fabric-resource-conditions-api-v1, fabric-resource-loader-v0, fabric-resource-loader-v1, fabric-screen-api-v1, fabric-screen-handler-api-v1, fabric-serialization-api-v1, fabric-sound-api-v1, fabric-tag-api-v1, fabric-transfer-api-v1, fabric-transitive-access-wideners-v1, fabricloader, immediatelyfast, iris, lithium, modmenu, placeholder-api, sodium, trender
[19:51:20] [Download-2/INFO]: Could not authorize you against Realms server: java.lang.RuntimeException: Failed to parse into SignedJWT: 69446e0cd0584600b9fb902182dbe6d4
[19:51:20] [Download-2/ERROR]: Failed to fetch Realms feature flags
net.minecraft.class_4355: Realms authentication error with message 'java.lang.RuntimeException: Failed to parse into SignedJWT: 69446e0cd0584600b9fb902182dbe6d4'
	at knot//net.minecraft.class_4341.method_20998(class_4341.java:526)
	at knot//net.minecraft.class_4341.method_68466(class_4341.java:186)
	at java.base/java.util.concurrent.CompletableFuture$AsyncSupply.run(CompletableFuture.java:1768)
	at java.base/java.util.concurrent.ThreadPoolExecutor.runWorker(ThreadPoolExecutor.java:1144)
	at java.base/java.util.concurrent.ThreadPoolExecutor$Worker.run(ThreadPoolExecutor.java:642)
	at java.base/java.lang.Thread.run(Thread.java:1583)
[19:51:20] [Worker-Main-25/INFO]: Found unifont_pua-17.0.01.hex, loading
[19:51:20] [Worker-Main-24/INFO]: Found unifont_all_no_pua-17.0.01.hex, loading
[19:51:20] [Worker-Main-20/INFO]: Found unifont_jp_patch-17.0.01.hex, loading
[19:51:22] [Render thread/INFO]: OpenAL initialized on device OpenAL Soft on Kopfhörer (2- Astro A50 Voice)
[19:51:22] [Render thread/INFO]: Sound engine started
[19:51:22] [Render thread/INFO]: Created: 512x256x0 minecraft:textures/atlas/particles.png-atlas
[19:51:22] [Render thread/INFO]: Created: 128x128x0 minecraft:textures/atlas/decorated_pot.png-atlas
[19:51:22] [Render thread/INFO]: Created: 2048x1024x0 minecraft:textures/atlas/armor_trims.png-atlas
[19:51:22] [Render thread/INFO]: Created: 512x256x0 minecraft:textures/atlas/paintings.png-atlas
[19:51:22] [Render thread/INFO]: Created: 1024x512x0 minecraft:textures/atlas/shield_patterns.png-atlas
[19:51:22] [Render thread/INFO]: Created: 2048x2048x4 minecraft:textures/atlas/blocks.png-atlas
[19:51:22] [Render thread/INFO]: Created: 512x512x0 minecraft:textures/atlas/chest.png-atlas
[19:51:22] [Render thread/INFO]: Created: 256x128x0 minecraft:textures/atlas/celestials.png-atlas
[19:51:22] [Render thread/INFO]: Created: 1024x512x0 minecraft:textures/atlas/banner_patterns.png-atlas
[19:51:22] [Render thread/INFO]: Created: 512x512x0 minecraft:textures/atlas/beds.png-atlas
[19:51:22] [Render thread/INFO]: Created: 1024x512x0 minecraft:textures/atlas/items.png-atlas
[19:51:22] [Render thread/INFO]: Created: 1024x1024x0 minecraft:textures/atlas/gui.png-atlas
[19:51:22] [Render thread/INFO]: Created: 128x64x0 minecraft:textures/atlas/map_decorations.png-atlas
[19:51:22] [Render thread/INFO]: Created: 512x256x0 minecraft:textures/atlas/signs.png-atlas
[19:51:22] [Render thread/INFO]: Created: 512x512x0 minecraft:textures/atlas/shulker_boxes.png-atlas
[19:51:22] [Render thread/INFO]: Creating pipeline for dimension minecraft:overworld
[19:51:23] [IO-Worker-1/INFO]: Could not authorize you against Realms server: java.lang.RuntimeException: Failed to parse into SignedJWT: 69446e0cd0584600b9fb902182dbe6d4
[19:51:23] [IO-Worker-1/ERROR]: Couldn't connect to realms
net.minecraft.class_4355: Realms authentication error with message 'java.lang.RuntimeException: Failed to parse into SignedJWT: 69446e0cd0584600b9fb902182dbe6d4'
	at knot//net.minecraft.class_4341.method_20998(class_4341.java:526)
	at knot//net.minecraft.class_4341.method_21027(class_4341.java:307)
	at knot//net.minecraft.class_8647.method_52627(class_8647.java:48)
	at java.base/java.util.concurrent.CompletableFuture$AsyncSupply.run(CompletableFuture.java:1768)
	at java.base/java.util.concurrent.ThreadPoolExecutor.runWorker(ThreadPoolExecutor.java:1144)
	at java.base/java.util.concurrent.ThreadPoolExecutor$Worker.run(ThreadPoolExecutor.java:642)
	at java.base/java.lang.Thread.run(Thread.java:1583)
[19:52:15] [CullThread/INFO]: [STDOUT]: Shutting down culling task!
[19:52:15] [Render thread/INFO]: Stopping!
